<?xml version="1.0" encoding="UTF-8"?>
<testng-results ignored="0" total="1" passed="1" failed="0" skipped="0">
  <reporter-output>
  </reporter-output>
  <suite started-at="2019-11-11T10:29:48Z" name="Default suite" finished-at="2019-11-11T10:30:13Z" duration-ms="24853">
    <groups>
    </groups>
    <test started-at="2019-11-11T10:29:48Z" name="Default test" finished-at="2019-11-11T10:30:13Z" duration-ms="24853">
      <class name="practice.SeleniumMaven.AppTest">
        <test-method is-config="true" signature="pre()[pri:0, instance:practice.SeleniumMaven.AppTest@74fe5c40]" started-at="2019-11-11T10:29:48Z" name="pre" finished-at="2019-11-11T10:30:01Z" duration-ms="12593" status="PASS">
          <reporter-output>
          </reporter-output>
        </test-method> <!-- pre -->
        <test-method signature="test()[pri:0, instance:practice.SeleniumMaven.AppTest@74fe5c40]" started-at="2019-11-11T10:30:01Z" name="test" finished-at="2019-11-11T10:30:13Z" duration-ms="12184" status="PASS">
          <reporter-output>
          </reporter-output>
        </test-method> <!-- test -->
      </class> <!-- practice.SeleniumMaven.AppTest -->
    </test> <!-- Default test -->
  </suite> <!-- Default suite -->
</testng-results>
